\BOOKMARK [1][-]{section.1}{Algoritmo Implementado}{}% 1
\BOOKMARK [2][-]{subsection.1.1}{Algoritmo Euclidiano Simple}{section.1}% 2
\BOOKMARK [2][-]{subsection.1.2}{Algoritmo Euclidiano}{section.1}% 3
\BOOKMARK [2][-]{subsection.1.3}{Algoritmo Euclidiano Binario}{section.1}% 4
\BOOKMARK [2][-]{subsection.1.4}{Algoritmo Euclidiano Extendido}{section.1}% 5
\BOOKMARK [2][-]{subsection.1.5}{Algoritmo Euclidiano Extendido Binario}{section.1}% 6
\BOOKMARK [1][-]{section.2}{Formulaci\363n experimentos}{}% 7
\BOOKMARK [1][-]{section.3}{Informaci\363n de Hardware y Software}{}% 8
\BOOKMARK [2][-]{subsection.3.1}{Notebook - Danilo Abell\341}{section.3}% 9
\BOOKMARK [3][-]{subsubsection.3.1.1}{Software}{subsection.3.1}% 10
\BOOKMARK [3][-]{subsubsection.3.1.2}{Hardware}{subsection.3.1}% 11
\BOOKMARK [2][-]{subsection.3.2}{Notebook - Sergio Salinas}{section.3}% 12
\BOOKMARK [3][-]{subsubsection.3.2.1}{Software}{subsection.3.2}% 13
\BOOKMARK [3][-]{subsubsection.3.2.2}{Hardware}{subsection.3.2}% 14
\BOOKMARK [1][-]{section.4}{Curvas de desempe\361o de resultados}{}% 15
\BOOKMARK [2][-]{subsection.4.1}{Algoritmo 2}{section.4}% 16
\BOOKMARK [2][-]{subsection.4.2}{Algoritmo 3}{section.4}% 17
\BOOKMARK [2][-]{subsection.4.3}{Algoritmo 4}{section.4}% 18
\BOOKMARK [2][-]{subsection.4.4}{Algoritmo 5}{section.4}% 19
\BOOKMARK [1][-]{section.5}{Conclusiones}{}% 20
